[DONE] cnbc_rss -> 30 docs
[DONE] yh_symbols_mega1 -> 20 docs
[DONE] yh_symbols_mega2 -> 20 docs
Total: 70
[DONE] cnbc_rss -> 30 docs
[DONE] yh_symbols_mega1 -> 20 docs
Traceback (most recent call last):
  File "/home/app/.local/lib/python3.11/site-packages/tenacity/__init__.py", line 480, in __call__
    result = fn(*args, **kwargs)
             ^^^^^^^^^^^^^^^^^^^
  File "/app/src/core/fetcher.py", line 13, in get
    resp.raise_for_status()
  File "/home/app/.local/lib/python3.11/site-packages/requests/models.py", line 1026, in raise_for_status
    raise HTTPError(http_error_msg, response=self)
requests.exceptions.HTTPError: 429 Client Error: Too Many Requests for url: https://feeds.finance.yahoo.com/rss/2.0/headline?s=JPM,BAC,WFC,C,GS,MS,BRK-B,BLK,V,MA,PYPL&region=US&lang=en-US

The above exception was the direct cause of the following exception:

Traceback (most recent call last):
  File "/app/scripts/run_all.py", line 19, in <module>
    main()
  File "/app/scripts/run_all.py", line 13, in main
    n = run_adapter(adapter)
        ^^^^^^^^^^^^^^^^^^^^
  File "/app/src/pipeline.py", line 9, in run_adapter
    for rec in adapter.iter_items():
  File "/app/src/adapters/rss_generic.py", line 14, in iter_items
    resp = get(self.feed_url)
           ^^^^^^^^^^^^^^^^^^
  File "/home/app/.local/lib/python3.11/site-packages/tenacity/__init__.py", line 338, in wrapped_f
    return copy(f, *args, **kw)
           ^^^^^^^^^^^^^^^^^^^^
  File "/home/app/.local/lib/python3.11/site-packages/tenacity/__init__.py", line 477, in __call__
    do = self.iter(retry_state=retry_state)
         ^^^^^^^^^^^^^^^^^^^^^^^^^^^^^^^^^^
  File "/home/app/.local/lib/python3.11/site-packages/tenacity/__init__.py", line 378, in iter
    result = action(retry_state)
             ^^^^^^^^^^^^^^^^^^^
  File "/home/app/.local/lib/python3.11/site-packages/tenacity/__init__.py", line 421, in exc_check
    raise retry_exc from fut.exception()
tenacity.RetryError: RetryError[<Future at 0xffff89e1bc50 state=finished raised HTTPError>]
[DONE] cnbc_rss -> 30 docs
[DONE] yh_symbols_mega1 -> 20 docs
[DONE] yh_symbols_mega2 -> 20 docs
Total: 70
[DONE] cnbc_rss -> 30 docs
[DONE] yh_symbols_mega1 -> 20 docs
[DONE] yh_symbols_mega2 -> 20 docs
Total: 70
Traceback (most recent call last):
  File "/home/app/.local/lib/python3.11/site-packages/urllib3/connection.py", line 198, in _new_conn
    sock = connection.create_connection(
           ^^^^^^^^^^^^^^^^^^^^^^^^^^^^^
  File "/home/app/.local/lib/python3.11/site-packages/urllib3/util/connection.py", line 60, in create_connection
    for res in socket.getaddrinfo(host, port, family, socket.SOCK_STREAM):
               ^^^^^^^^^^^^^^^^^^^^^^^^^^^^^^^^^^^^^^^^^^^^^^^^^^^^^^^^^^
  File "/usr/local/lib/python3.11/socket.py", line 974, in getaddrinfo
    for res in _socket.getaddrinfo(host, port, family, type, proto, flags):
               ^^^^^^^^^^^^^^^^^^^^^^^^^^^^^^^^^^^^^^^^^^^^^^^^^^^^^^^^^^^
socket.gaierror: [Errno -2] Name or service not known

The above exception was the direct cause of the following exception:

Traceback (most recent call last):
  File "/home/app/.local/lib/python3.11/site-packages/urllib3/connectionpool.py", line 787, in urlopen
    response = self._make_request(
               ^^^^^^^^^^^^^^^^^^^
  File "/home/app/.local/lib/python3.11/site-packages/urllib3/connectionpool.py", line 488, in _make_request
    raise new_e
  File "/home/app/.local/lib/python3.11/site-packages/urllib3/connectionpool.py", line 464, in _make_request
    self._validate_conn(conn)
  File "/home/app/.local/lib/python3.11/site-packages/urllib3/connectionpool.py", line 1093, in _validate_conn
    conn.connect()
  File "/home/app/.local/lib/python3.11/site-packages/urllib3/connection.py", line 753, in connect
    self.sock = sock = self._new_conn()
                       ^^^^^^^^^^^^^^^^
  File "/home/app/.local/lib/python3.11/site-packages/urllib3/connection.py", line 205, in _new_conn
    raise NameResolutionError(self.host, self, e) from e
urllib3.exceptions.NameResolutionError: <urllib3.connection.HTTPSConnection object at 0xffff6dedfad0>: Failed to resolve 'www.cnbc.com' ([Errno -2] Name or service not known)

The above exception was the direct cause of the following exception:

Traceback (most recent call last):
  File "/home/app/.local/lib/python3.11/site-packages/requests/adapters.py", line 667, in send
    resp = conn.urlopen(
           ^^^^^^^^^^^^^
  File "/home/app/.local/lib/python3.11/site-packages/urllib3/connectionpool.py", line 841, in urlopen
    retries = retries.increment(
              ^^^^^^^^^^^^^^^^^^
  File "/home/app/.local/lib/python3.11/site-packages/urllib3/util/retry.py", line 519, in increment
    raise MaxRetryError(_pool, url, reason) from reason  # type: ignore[arg-type]
    ^^^^^^^^^^^^^^^^^^^^^^^^^^^^^^^^^^^^^^^^^^^^^^^^^^^
urllib3.exceptions.MaxRetryError: HTTPSConnectionPool(host='www.cnbc.com', port=443): Max retries exceeded with url: /id/100003114/device/rss/rss.html (Caused by NameResolutionError("<urllib3.connection.HTTPSConnection object at 0xffff6dedfad0>: Failed to resolve 'www.cnbc.com' ([Errno -2] Name or service not known)"))

During handling of the above exception, another exception occurred:

Traceback (most recent call last):
  File "/home/app/.local/lib/python3.11/site-packages/tenacity/__init__.py", line 480, in __call__
    result = fn(*args, **kwargs)
             ^^^^^^^^^^^^^^^^^^^
  File "/app/src/core/fetcher.py", line 12, in get
    resp = requests.get(url, timeout=timeout, headers=hdrs)
           ^^^^^^^^^^^^^^^^^^^^^^^^^^^^^^^^^^^^^^^^^^^^^^^^
  File "/home/app/.local/lib/python3.11/site-packages/requests/api.py", line 73, in get
    return request("get", url, params=params, **kwargs)
           ^^^^^^^^^^^^^^^^^^^^^^^^^^^^^^^^^^^^^^^^^^^^
  File "/home/app/.local/lib/python3.11/site-packages/requests/api.py", line 59, in request
    return session.request(method=method, url=url, **kwargs)
           ^^^^^^^^^^^^^^^^^^^^^^^^^^^^^^^^^^^^^^^^^^^^^^^^^
  File "/home/app/.local/lib/python3.11/site-packages/requests/sessions.py", line 589, in request
    resp = self.send(prep, **send_kwargs)
           ^^^^^^^^^^^^^^^^^^^^^^^^^^^^^^
  File "/home/app/.local/lib/python3.11/site-packages/requests/sessions.py", line 703, in send
    r = adapter.send(request, **kwargs)
        ^^^^^^^^^^^^^^^^^^^^^^^^^^^^^^^
  File "/home/app/.local/lib/python3.11/site-packages/requests/adapters.py", line 700, in send
    raise ConnectionError(e, request=request)
requests.exceptions.ConnectionError: HTTPSConnectionPool(host='www.cnbc.com', port=443): Max retries exceeded with url: /id/100003114/device/rss/rss.html (Caused by NameResolutionError("<urllib3.connection.HTTPSConnection object at 0xffff6dedfad0>: Failed to resolve 'www.cnbc.com' ([Errno -2] Name or service not known)"))

The above exception was the direct cause of the following exception:

Traceback (most recent call last):
  File "/app/scripts/run_all.py", line 19, in <module>
    main()
  File "/app/scripts/run_all.py", line 13, in main
    n = run_adapter(adapter)
        ^^^^^^^^^^^^^^^^^^^^
  File "/app/src/pipeline.py", line 9, in run_adapter
    for rec in adapter.iter_items():
  File "/app/src/adapters/rss_generic.py", line 14, in iter_items
    resp = get(self.feed_url)
           ^^^^^^^^^^^^^^^^^^
  File "/home/app/.local/lib/python3.11/site-packages/tenacity/__init__.py", line 338, in wrapped_f
    return copy(f, *args, **kw)
           ^^^^^^^^^^^^^^^^^^^^
  File "/home/app/.local/lib/python3.11/site-packages/tenacity/__init__.py", line 477, in __call__
    do = self.iter(retry_state=retry_state)
         ^^^^^^^^^^^^^^^^^^^^^^^^^^^^^^^^^^
  File "/home/app/.local/lib/python3.11/site-packages/tenacity/__init__.py", line 378, in iter
    result = action(retry_state)
             ^^^^^^^^^^^^^^^^^^^
  File "/home/app/.local/lib/python3.11/site-packages/tenacity/__init__.py", line 421, in exc_check
    raise retry_exc from fut.exception()
tenacity.RetryError: RetryError[<Future at 0xffff6dedf150 state=finished raised ConnectionError>]
[DONE] cnbc_rss -> 30 docs
[DONE] yh_symbols_mega1 -> 20 docs
[DONE] yh_symbols_mega2 -> 20 docs
Total: 70
[DONE] cnbc_rss -> 30 docs
[DONE] yh_symbols_mega1 -> 20 docs
[DONE] yh_symbols_mega2 -> 20 docs
Total: 70
[DONE] cnbc_rss -> 30 docs
Traceback (most recent call last):
  File "/home/app/.local/lib/python3.11/site-packages/tenacity/__init__.py", line 480, in __call__
    result = fn(*args, **kwargs)
             ^^^^^^^^^^^^^^^^^^^
  File "/app/src/core/fetcher.py", line 13, in get
    resp.raise_for_status()
  File "/home/app/.local/lib/python3.11/site-packages/requests/models.py", line 1026, in raise_for_status
    raise HTTPError(http_error_msg, response=self)
requests.exceptions.HTTPError: 429 Client Error: Too Many Requests for url: https://feeds.finance.yahoo.com/rss/2.0/headline?s=AAPL,MSFT,GOOGL,AMZN,META,NVDA,TSLA,INTC,AMD,AVGO&region=US&lang=en-US

The above exception was the direct cause of the following exception:

Traceback (most recent call last):
  File "/app/scripts/run_all.py", line 19, in <module>
    main()
  File "/app/scripts/run_all.py", line 13, in main
    n = run_adapter(adapter)
        ^^^^^^^^^^^^^^^^^^^^
  File "/app/src/pipeline.py", line 9, in run_adapter
    for rec in adapter.iter_items():
  File "/app/src/adapters/rss_generic.py", line 14, in iter_items
    resp = get(self.feed_url)
           ^^^^^^^^^^^^^^^^^^
  File "/home/app/.local/lib/python3.11/site-packages/tenacity/__init__.py", line 338, in wrapped_f
    return copy(f, *args, **kw)
           ^^^^^^^^^^^^^^^^^^^^
  File "/home/app/.local/lib/python3.11/site-packages/tenacity/__init__.py", line 477, in __call__
    do = self.iter(retry_state=retry_state)
         ^^^^^^^^^^^^^^^^^^^^^^^^^^^^^^^^^^
  File "/home/app/.local/lib/python3.11/site-packages/tenacity/__init__.py", line 378, in iter
    result = action(retry_state)
             ^^^^^^^^^^^^^^^^^^^
  File "/home/app/.local/lib/python3.11/site-packages/tenacity/__init__.py", line 421, in exc_check
    raise retry_exc from fut.exception()
tenacity.RetryError: RetryError[<Future at 0xffff622f5690 state=finished raised HTTPError>]
[DONE] cnbc_rss -> 30 docs
[DONE] yh_symbols_mega1 -> 20 docs
[DONE] yh_symbols_mega2 -> 20 docs
Total: 70
[DONE] cnbc_rss -> 30 docs
[DONE] yh_symbols_mega1 -> 20 docs
[DONE] yh_symbols_mega2 -> 20 docs
Total: 70
[DONE] cnbc_rss -> 30 docs
[DONE] yh_symbols_mega1 -> 20 docs
[DONE] yh_symbols_mega2 -> 20 docs
Total: 70
Traceback (most recent call last):
  File "/home/app/.local/lib/python3.11/site-packages/urllib3/connection.py", line 198, in _new_conn
    sock = connection.create_connection(
           ^^^^^^^^^^^^^^^^^^^^^^^^^^^^^
  File "/home/app/.local/lib/python3.11/site-packages/urllib3/util/connection.py", line 60, in create_connection
    for res in socket.getaddrinfo(host, port, family, socket.SOCK_STREAM):
               ^^^^^^^^^^^^^^^^^^^^^^^^^^^^^^^^^^^^^^^^^^^^^^^^^^^^^^^^^^
  File "/usr/local/lib/python3.11/socket.py", line 974, in getaddrinfo
    for res in _socket.getaddrinfo(host, port, family, type, proto, flags):
               ^^^^^^^^^^^^^^^^^^^^^^^^^^^^^^^^^^^^^^^^^^^^^^^^^^^^^^^^^^^
socket.gaierror: [Errno -2] Name or service not known

The above exception was the direct cause of the following exception:

Traceback (most recent call last):
  File "/home/app/.local/lib/python3.11/site-packages/urllib3/connectionpool.py", line 787, in urlopen
    response = self._make_request(
               ^^^^^^^^^^^^^^^^^^^
  File "/home/app/.local/lib/python3.11/site-packages/urllib3/connectionpool.py", line 488, in _make_request
    raise new_e
  File "/home/app/.local/lib/python3.11/site-packages/urllib3/connectionpool.py", line 464, in _make_request
    self._validate_conn(conn)
  File "/home/app/.local/lib/python3.11/site-packages/urllib3/connectionpool.py", line 1093, in _validate_conn
    conn.connect()
  File "/home/app/.local/lib/python3.11/site-packages/urllib3/connection.py", line 753, in connect
    self.sock = sock = self._new_conn()
                       ^^^^^^^^^^^^^^^^
  File "/home/app/.local/lib/python3.11/site-packages/urllib3/connection.py", line 205, in _new_conn
    raise NameResolutionError(self.host, self, e) from e
urllib3.exceptions.NameResolutionError: <urllib3.connection.HTTPSConnection object at 0xffff785df750>: Failed to resolve 'www.cnbc.com' ([Errno -2] Name or service not known)

The above exception was the direct cause of the following exception:

Traceback (most recent call last):
  File "/home/app/.local/lib/python3.11/site-packages/requests/adapters.py", line 667, in send
    resp = conn.urlopen(
           ^^^^^^^^^^^^^
  File "/home/app/.local/lib/python3.11/site-packages/urllib3/connectionpool.py", line 841, in urlopen
    retries = retries.increment(
              ^^^^^^^^^^^^^^^^^^
  File "/home/app/.local/lib/python3.11/site-packages/urllib3/util/retry.py", line 519, in increment
    raise MaxRetryError(_pool, url, reason) from reason  # type: ignore[arg-type]
    ^^^^^^^^^^^^^^^^^^^^^^^^^^^^^^^^^^^^^^^^^^^^^^^^^^^
urllib3.exceptions.MaxRetryError: HTTPSConnectionPool(host='www.cnbc.com', port=443): Max retries exceeded with url: /id/100003114/device/rss/rss.html (Caused by NameResolutionError("<urllib3.connection.HTTPSConnection object at 0xffff785df750>: Failed to resolve 'www.cnbc.com' ([Errno -2] Name or service not known)"))

During handling of the above exception, another exception occurred:

Traceback (most recent call last):
  File "/home/app/.local/lib/python3.11/site-packages/tenacity/__init__.py", line 480, in __call__
    result = fn(*args, **kwargs)
             ^^^^^^^^^^^^^^^^^^^
  File "/app/src/core/fetcher.py", line 12, in get
    resp = requests.get(url, timeout=timeout, headers=hdrs)
           ^^^^^^^^^^^^^^^^^^^^^^^^^^^^^^^^^^^^^^^^^^^^^^^^
  File "/home/app/.local/lib/python3.11/site-packages/requests/api.py", line 73, in get
    return request("get", url, params=params, **kwargs)
           ^^^^^^^^^^^^^^^^^^^^^^^^^^^^^^^^^^^^^^^^^^^^
  File "/home/app/.local/lib/python3.11/site-packages/requests/api.py", line 59, in request
    return session.request(method=method, url=url, **kwargs)
           ^^^^^^^^^^^^^^^^^^^^^^^^^^^^^^^^^^^^^^^^^^^^^^^^^
  File "/home/app/.local/lib/python3.11/site-packages/requests/sessions.py", line 589, in request
    resp = self.send(prep, **send_kwargs)
           ^^^^^^^^^^^^^^^^^^^^^^^^^^^^^^
  File "/home/app/.local/lib/python3.11/site-packages/requests/sessions.py", line 703, in send
    r = adapter.send(request, **kwargs)
        ^^^^^^^^^^^^^^^^^^^^^^^^^^^^^^^
  File "/home/app/.local/lib/python3.11/site-packages/requests/adapters.py", line 700, in send
    raise ConnectionError(e, request=request)
requests.exceptions.ConnectionError: HTTPSConnectionPool(host='www.cnbc.com', port=443): Max retries exceeded with url: /id/100003114/device/rss/rss.html (Caused by NameResolutionError("<urllib3.connection.HTTPSConnection object at 0xffff785df750>: Failed to resolve 'www.cnbc.com' ([Errno -2] Name or service not known)"))

The above exception was the direct cause of the following exception:

Traceback (most recent call last):
  File "/app/scripts/run_all.py", line 19, in <module>
    main()
  File "/app/scripts/run_all.py", line 13, in main
    n = run_adapter(adapter)
        ^^^^^^^^^^^^^^^^^^^^
  File "/app/src/pipeline.py", line 9, in run_adapter
    for rec in adapter.iter_items():
  File "/app/src/adapters/rss_generic.py", line 14, in iter_items
    resp = get(self.feed_url)
           ^^^^^^^^^^^^^^^^^^
  File "/home/app/.local/lib/python3.11/site-packages/tenacity/__init__.py", line 338, in wrapped_f
    return copy(f, *args, **kw)
           ^^^^^^^^^^^^^^^^^^^^
  File "/home/app/.local/lib/python3.11/site-packages/tenacity/__init__.py", line 477, in __call__
    do = self.iter(retry_state=retry_state)
         ^^^^^^^^^^^^^^^^^^^^^^^^^^^^^^^^^^
  File "/home/app/.local/lib/python3.11/site-packages/tenacity/__init__.py", line 378, in iter
    result = action(retry_state)
             ^^^^^^^^^^^^^^^^^^^
  File "/home/app/.local/lib/python3.11/site-packages/tenacity/__init__.py", line 421, in exc_check
    raise retry_exc from fut.exception()
tenacity.RetryError: RetryError[<Future at 0xffff785dee10 state=finished raised ConnectionError>]
[DONE] cnbc_rss -> 30 docs
[DONE] yh_symbols_mega1 -> 20 docs
[DONE] yh_symbols_mega2 -> 20 docs
Total: 70
Traceback (most recent call last):
  File "/home/app/.local/lib/python3.11/site-packages/urllib3/connection.py", line 198, in _new_conn
    sock = connection.create_connection(
           ^^^^^^^^^^^^^^^^^^^^^^^^^^^^^
  File "/home/app/.local/lib/python3.11/site-packages/urllib3/util/connection.py", line 60, in create_connection
    for res in socket.getaddrinfo(host, port, family, socket.SOCK_STREAM):
               ^^^^^^^^^^^^^^^^^^^^^^^^^^^^^^^^^^^^^^^^^^^^^^^^^^^^^^^^^^
  File "/usr/local/lib/python3.11/socket.py", line 974, in getaddrinfo
    for res in _socket.getaddrinfo(host, port, family, type, proto, flags):
               ^^^^^^^^^^^^^^^^^^^^^^^^^^^^^^^^^^^^^^^^^^^^^^^^^^^^^^^^^^^
socket.gaierror: [Errno -2] Name or service not known

The above exception was the direct cause of the following exception:

Traceback (most recent call last):
  File "/home/app/.local/lib/python3.11/site-packages/urllib3/connectionpool.py", line 787, in urlopen
    response = self._make_request(
               ^^^^^^^^^^^^^^^^^^^
  File "/home/app/.local/lib/python3.11/site-packages/urllib3/connectionpool.py", line 488, in _make_request
    raise new_e
  File "/home/app/.local/lib/python3.11/site-packages/urllib3/connectionpool.py", line 464, in _make_request
    self._validate_conn(conn)
  File "/home/app/.local/lib/python3.11/site-packages/urllib3/connectionpool.py", line 1093, in _validate_conn
    conn.connect()
  File "/home/app/.local/lib/python3.11/site-packages/urllib3/connection.py", line 753, in connect
    self.sock = sock = self._new_conn()
                       ^^^^^^^^^^^^^^^^
  File "/home/app/.local/lib/python3.11/site-packages/urllib3/connection.py", line 205, in _new_conn
    raise NameResolutionError(self.host, self, e) from e
urllib3.exceptions.NameResolutionError: <urllib3.connection.HTTPSConnection object at 0xffff7020b590>: Failed to resolve 'www.cnbc.com' ([Errno -2] Name or service not known)

The above exception was the direct cause of the following exception:

Traceback (most recent call last):
  File "/home/app/.local/lib/python3.11/site-packages/requests/adapters.py", line 667, in send
    resp = conn.urlopen(
           ^^^^^^^^^^^^^
  File "/home/app/.local/lib/python3.11/site-packages/urllib3/connectionpool.py", line 841, in urlopen
    retries = retries.increment(
              ^^^^^^^^^^^^^^^^^^
  File "/home/app/.local/lib/python3.11/site-packages/urllib3/util/retry.py", line 519, in increment
    raise MaxRetryError(_pool, url, reason) from reason  # type: ignore[arg-type]
    ^^^^^^^^^^^^^^^^^^^^^^^^^^^^^^^^^^^^^^^^^^^^^^^^^^^
urllib3.exceptions.MaxRetryError: HTTPSConnectionPool(host='www.cnbc.com', port=443): Max retries exceeded with url: /id/100003114/device/rss/rss.html (Caused by NameResolutionError("<urllib3.connection.HTTPSConnection object at 0xffff7020b590>: Failed to resolve 'www.cnbc.com' ([Errno -2] Name or service not known)"))

During handling of the above exception, another exception occurred:

Traceback (most recent call last):
  File "/home/app/.local/lib/python3.11/site-packages/tenacity/__init__.py", line 480, in __call__
    result = fn(*args, **kwargs)
             ^^^^^^^^^^^^^^^^^^^
  File "/app/src/core/fetcher.py", line 12, in get
    resp = requests.get(url, timeout=timeout, headers=hdrs)
           ^^^^^^^^^^^^^^^^^^^^^^^^^^^^^^^^^^^^^^^^^^^^^^^^
  File "/home/app/.local/lib/python3.11/site-packages/requests/api.py", line 73, in get
    return request("get", url, params=params, **kwargs)
           ^^^^^^^^^^^^^^^^^^^^^^^^^^^^^^^^^^^^^^^^^^^^
  File "/home/app/.local/lib/python3.11/site-packages/requests/api.py", line 59, in request
    return session.request(method=method, url=url, **kwargs)
           ^^^^^^^^^^^^^^^^^^^^^^^^^^^^^^^^^^^^^^^^^^^^^^^^^
  File "/home/app/.local/lib/python3.11/site-packages/requests/sessions.py", line 589, in request
    resp = self.send(prep, **send_kwargs)
           ^^^^^^^^^^^^^^^^^^^^^^^^^^^^^^
  File "/home/app/.local/lib/python3.11/site-packages/requests/sessions.py", line 703, in send
    r = adapter.send(request, **kwargs)
        ^^^^^^^^^^^^^^^^^^^^^^^^^^^^^^^
  File "/home/app/.local/lib/python3.11/site-packages/requests/adapters.py", line 700, in send
    raise ConnectionError(e, request=request)
requests.exceptions.ConnectionError: HTTPSConnectionPool(host='www.cnbc.com', port=443): Max retries exceeded with url: /id/100003114/device/rss/rss.html (Caused by NameResolutionError("<urllib3.connection.HTTPSConnection object at 0xffff7020b590>: Failed to resolve 'www.cnbc.com' ([Errno -2] Name or service not known)"))

The above exception was the direct cause of the following exception:

Traceback (most recent call last):
  File "/app/scripts/run_all.py", line 19, in <module>
    main()
  File "/app/scripts/run_all.py", line 13, in main
    n = run_adapter(adapter)
        ^^^^^^^^^^^^^^^^^^^^
  File "/app/src/pipeline.py", line 9, in run_adapter
    for rec in adapter.iter_items():
  File "/app/src/adapters/rss_generic.py", line 14, in iter_items
    resp = get(self.feed_url)
           ^^^^^^^^^^^^^^^^^^
  File "/home/app/.local/lib/python3.11/site-packages/tenacity/__init__.py", line 338, in wrapped_f
    return copy(f, *args, **kw)
           ^^^^^^^^^^^^^^^^^^^^
  File "/home/app/.local/lib/python3.11/site-packages/tenacity/__init__.py", line 477, in __call__
    do = self.iter(retry_state=retry_state)
         ^^^^^^^^^^^^^^^^^^^^^^^^^^^^^^^^^^
  File "/home/app/.local/lib/python3.11/site-packages/tenacity/__init__.py", line 378, in iter
    result = action(retry_state)
             ^^^^^^^^^^^^^^^^^^^
  File "/home/app/.local/lib/python3.11/site-packages/tenacity/__init__.py", line 421, in exc_check
    raise retry_exc from fut.exception()
tenacity.RetryError: RetryError[<Future at 0xffff7020ac10 state=finished raised ConnectionError>]
Traceback (most recent call last):
  File "/home/app/.local/lib/python3.11/site-packages/urllib3/connection.py", line 198, in _new_conn
    sock = connection.create_connection(
           ^^^^^^^^^^^^^^^^^^^^^^^^^^^^^
  File "/home/app/.local/lib/python3.11/site-packages/urllib3/util/connection.py", line 60, in create_connection
    for res in socket.getaddrinfo(host, port, family, socket.SOCK_STREAM):
               ^^^^^^^^^^^^^^^^^^^^^^^^^^^^^^^^^^^^^^^^^^^^^^^^^^^^^^^^^^
  File "/usr/local/lib/python3.11/socket.py", line 974, in getaddrinfo
    for res in _socket.getaddrinfo(host, port, family, type, proto, flags):
               ^^^^^^^^^^^^^^^^^^^^^^^^^^^^^^^^^^^^^^^^^^^^^^^^^^^^^^^^^^^
socket.gaierror: [Errno -2] Name or service not known

The above exception was the direct cause of the following exception:

Traceback (most recent call last):
  File "/home/app/.local/lib/python3.11/site-packages/urllib3/connectionpool.py", line 787, in urlopen
    response = self._make_request(
               ^^^^^^^^^^^^^^^^^^^
  File "/home/app/.local/lib/python3.11/site-packages/urllib3/connectionpool.py", line 488, in _make_request
    raise new_e
  File "/home/app/.local/lib/python3.11/site-packages/urllib3/connectionpool.py", line 464, in _make_request
    self._validate_conn(conn)
  File "/home/app/.local/lib/python3.11/site-packages/urllib3/connectionpool.py", line 1093, in _validate_conn
    conn.connect()
  File "/home/app/.local/lib/python3.11/site-packages/urllib3/connection.py", line 753, in connect
    self.sock = sock = self._new_conn()
                       ^^^^^^^^^^^^^^^^
  File "/home/app/.local/lib/python3.11/site-packages/urllib3/connection.py", line 205, in _new_conn
    raise NameResolutionError(self.host, self, e) from e
urllib3.exceptions.NameResolutionError: <urllib3.connection.HTTPSConnection object at 0xffff84a706d0>: Failed to resolve 'www.cnbc.com' ([Errno -2] Name or service not known)

The above exception was the direct cause of the following exception:

Traceback (most recent call last):
  File "/home/app/.local/lib/python3.11/site-packages/requests/adapters.py", line 667, in send
    resp = conn.urlopen(
           ^^^^^^^^^^^^^
  File "/home/app/.local/lib/python3.11/site-packages/urllib3/connectionpool.py", line 841, in urlopen
    retries = retries.increment(
              ^^^^^^^^^^^^^^^^^^
  File "/home/app/.local/lib/python3.11/site-packages/urllib3/util/retry.py", line 519, in increment
    raise MaxRetryError(_pool, url, reason) from reason  # type: ignore[arg-type]
    ^^^^^^^^^^^^^^^^^^^^^^^^^^^^^^^^^^^^^^^^^^^^^^^^^^^
urllib3.exceptions.MaxRetryError: HTTPSConnectionPool(host='www.cnbc.com', port=443): Max retries exceeded with url: /id/100003114/device/rss/rss.html (Caused by NameResolutionError("<urllib3.connection.HTTPSConnection object at 0xffff84a706d0>: Failed to resolve 'www.cnbc.com' ([Errno -2] Name or service not known)"))

During handling of the above exception, another exception occurred:

Traceback (most recent call last):
  File "/home/app/.local/lib/python3.11/site-packages/tenacity/__init__.py", line 480, in __call__
    result = fn(*args, **kwargs)
             ^^^^^^^^^^^^^^^^^^^
  File "/app/src/core/fetcher.py", line 12, in get
    resp = requests.get(url, timeout=timeout, headers=hdrs)
           ^^^^^^^^^^^^^^^^^^^^^^^^^^^^^^^^^^^^^^^^^^^^^^^^
  File "/home/app/.local/lib/python3.11/site-packages/requests/api.py", line 73, in get
    return request("get", url, params=params, **kwargs)
           ^^^^^^^^^^^^^^^^^^^^^^^^^^^^^^^^^^^^^^^^^^^^
  File "/home/app/.local/lib/python3.11/site-packages/requests/api.py", line 59, in request
    return session.request(method=method, url=url, **kwargs)
           ^^^^^^^^^^^^^^^^^^^^^^^^^^^^^^^^^^^^^^^^^^^^^^^^^
  File "/home/app/.local/lib/python3.11/site-packages/requests/sessions.py", line 589, in request
    resp = self.send(prep, **send_kwargs)
           ^^^^^^^^^^^^^^^^^^^^^^^^^^^^^^
  File "/home/app/.local/lib/python3.11/site-packages/requests/sessions.py", line 703, in send
    r = adapter.send(request, **kwargs)
        ^^^^^^^^^^^^^^^^^^^^^^^^^^^^^^^
  File "/home/app/.local/lib/python3.11/site-packages/requests/adapters.py", line 700, in send
    raise ConnectionError(e, request=request)
requests.exceptions.ConnectionError: HTTPSConnectionPool(host='www.cnbc.com', port=443): Max retries exceeded with url: /id/100003114/device/rss/rss.html (Caused by NameResolutionError("<urllib3.connection.HTTPSConnection object at 0xffff84a706d0>: Failed to resolve 'www.cnbc.com' ([Errno -2] Name or service not known)"))

The above exception was the direct cause of the following exception:

Traceback (most recent call last):
  File "/app/scripts/run_all.py", line 19, in <module>
    main()
  File "/app/scripts/run_all.py", line 13, in main
    n = run_adapter(adapter)
        ^^^^^^^^^^^^^^^^^^^^
  File "/app/src/pipeline.py", line 9, in run_adapter
    for rec in adapter.iter_items():
  File "/app/src/adapters/rss_generic.py", line 14, in iter_items
    resp = get(self.feed_url)
           ^^^^^^^^^^^^^^^^^^
  File "/home/app/.local/lib/python3.11/site-packages/tenacity/__init__.py", line 338, in wrapped_f
    return copy(f, *args, **kw)
           ^^^^^^^^^^^^^^^^^^^^
  File "/home/app/.local/lib/python3.11/site-packages/tenacity/__init__.py", line 477, in __call__
    do = self.iter(retry_state=retry_state)
         ^^^^^^^^^^^^^^^^^^^^^^^^^^^^^^^^^^
  File "/home/app/.local/lib/python3.11/site-packages/tenacity/__init__.py", line 378, in iter
    result = action(retry_state)
             ^^^^^^^^^^^^^^^^^^^
  File "/home/app/.local/lib/python3.11/site-packages/tenacity/__init__.py", line 421, in exc_check
    raise retry_exc from fut.exception()
tenacity.RetryError: RetryError[<Future at 0xffff84a70590 state=finished raised ConnectionError>]
[DONE] cnbc_rss -> 30 docs
[DONE] yh_symbols_mega1 -> 20 docs
[DONE] yh_symbols_mega2 -> 20 docs
Total: 70
[DONE] cnbc_rss -> 30 docs
[DONE] yh_symbols_mega1 -> 20 docs
[DONE] yh_symbols_mega2 -> 20 docs
Total: 70
[DONE] cnbc_rss -> 30 docs
[DONE] yh_symbols_mega1 -> 20 docs
[DONE] yh_symbols_mega2 -> 20 docs
Total: 70
[DONE] cnbc_rss -> 30 docs
[DONE] yh_symbols_mega1 -> 20 docs
[DONE] yh_symbols_mega2 -> 20 docs
Total: 70
[DONE] cnbc_rss -> 30 docs
[DONE] yh_symbols_mega1 -> 20 docs
[DONE] yh_symbols_mega2 -> 20 docs
Total: 70
[DONE] cnbc_rss -> 30 docs
[DONE] yh_symbols_mega1 -> 20 docs
[DONE] yh_symbols_mega2 -> 20 docs
Total: 70
[DONE] cnbc_rss -> 30 docs
[DONE] yh_symbols_mega1 -> 20 docs
[DONE] yh_symbols_mega2 -> 20 docs
Total: 70
[DONE] cnbc_rss -> 30 docs
Traceback (most recent call last):
  File "/home/app/.local/lib/python3.11/site-packages/tenacity/__init__.py", line 480, in __call__
    result = fn(*args, **kwargs)
             ^^^^^^^^^^^^^^^^^^^
  File "/app/src/core/fetcher.py", line 13, in get
    resp.raise_for_status()
  File "/home/app/.local/lib/python3.11/site-packages/requests/models.py", line 1026, in raise_for_status
    raise HTTPError(http_error_msg, response=self)
requests.exceptions.HTTPError: 429 Client Error: Too Many Requests for url: https://feeds.finance.yahoo.com/rss/2.0/headline?s=AAPL,MSFT,GOOGL,AMZN,META,NVDA,TSLA,INTC,AMD,AVGO&region=US&lang=en-US

The above exception was the direct cause of the following exception:

Traceback (most recent call last):
  File "/app/scripts/run_all.py", line 19, in <module>
    main()
  File "/app/scripts/run_all.py", line 13, in main
    n = run_adapter(adapter)
        ^^^^^^^^^^^^^^^^^^^^
  File "/app/src/pipeline.py", line 9, in run_adapter
    for rec in adapter.iter_items():
  File "/app/src/adapters/rss_generic.py", line 14, in iter_items
    resp = get(self.feed_url)
           ^^^^^^^^^^^^^^^^^^
  File "/home/app/.local/lib/python3.11/site-packages/tenacity/__init__.py", line 338, in wrapped_f
    return copy(f, *args, **kw)
           ^^^^^^^^^^^^^^^^^^^^
  File "/home/app/.local/lib/python3.11/site-packages/tenacity/__init__.py", line 477, in __call__
    do = self.iter(retry_state=retry_state)
         ^^^^^^^^^^^^^^^^^^^^^^^^^^^^^^^^^^
  File "/home/app/.local/lib/python3.11/site-packages/tenacity/__init__.py", line 378, in iter
    result = action(retry_state)
             ^^^^^^^^^^^^^^^^^^^
  File "/home/app/.local/lib/python3.11/site-packages/tenacity/__init__.py", line 421, in exc_check
    raise retry_exc from fut.exception()
tenacity.RetryError: RetryError[<Future at 0xffff95f15bd0 state=finished raised HTTPError>]
[DONE] cnbc_rss -> 30 docs
[DONE] yh_symbols_mega1 -> 20 docs
[DONE] yh_symbols_mega2 -> 20 docs
Total: 70
[DONE] cnbc_rss -> 30 docs
[DONE] yh_symbols_mega1 -> 20 docs
[DONE] yh_symbols_mega2 -> 20 docs
Total: 70
[DONE] cnbc_rss -> 30 docs
[DONE] yh_symbols_mega1 -> 20 docs
[DONE] yh_symbols_mega2 -> 20 docs
Total: 70
[DONE] cnbc_rss -> 30 docs
[DONE] yh_symbols_mega1 -> 20 docs
[DONE] yh_symbols_mega2 -> 20 docs
Total: 70
[DONE] cnbc_rss -> 30 docs
Traceback (most recent call last):
  File "/home/app/.local/lib/python3.11/site-packages/tenacity/__init__.py", line 480, in __call__
    result = fn(*args, **kwargs)
             ^^^^^^^^^^^^^^^^^^^
  File "/app/src/core/fetcher.py", line 13, in get
    resp.raise_for_status()
  File "/home/app/.local/lib/python3.11/site-packages/requests/models.py", line 1026, in raise_for_status
    raise HTTPError(http_error_msg, response=self)
requests.exceptions.HTTPError: 429 Client Error: Too Many Requests for url: https://feeds.finance.yahoo.com/rss/2.0/headline?s=AAPL,MSFT,GOOGL,AMZN,META,NVDA,TSLA,INTC,AMD,AVGO&region=US&lang=en-US

The above exception was the direct cause of the following exception:

Traceback (most recent call last):
  File "/app/scripts/run_all.py", line 19, in <module>
    main()
  File "/app/scripts/run_all.py", line 13, in main
    n = run_adapter(adapter)
        ^^^^^^^^^^^^^^^^^^^^
  File "/app/src/pipeline.py", line 9, in run_adapter
    for rec in adapter.iter_items():
  File "/app/src/adapters/rss_generic.py", line 14, in iter_items
    resp = get(self.feed_url)
           ^^^^^^^^^^^^^^^^^^
  File "/home/app/.local/lib/python3.11/site-packages/tenacity/__init__.py", line 338, in wrapped_f
    return copy(f, *args, **kw)
           ^^^^^^^^^^^^^^^^^^^^
  File "/home/app/.local/lib/python3.11/site-packages/tenacity/__init__.py", line 477, in __call__
    do = self.iter(retry_state=retry_state)
         ^^^^^^^^^^^^^^^^^^^^^^^^^^^^^^^^^^
  File "/home/app/.local/lib/python3.11/site-packages/tenacity/__init__.py", line 378, in iter
    result = action(retry_state)
             ^^^^^^^^^^^^^^^^^^^
  File "/home/app/.local/lib/python3.11/site-packages/tenacity/__init__.py", line 421, in exc_check
    raise retry_exc from fut.exception()
tenacity.RetryError: RetryError[<Future at 0xffff6928e710 state=finished raised HTTPError>]
[DONE] cnbc_rss -> 30 docs
[DONE] yh_symbols_mega1 -> 20 docs
[DONE] yh_symbols_mega2 -> 20 docs
Total: 70
[DONE] cnbc_rss -> 30 docs
Traceback (most recent call last):
  File "/home/app/.local/lib/python3.11/site-packages/urllib3/connection.py", line 198, in _new_conn
    sock = connection.create_connection(
           ^^^^^^^^^^^^^^^^^^^^^^^^^^^^^
  File "/home/app/.local/lib/python3.11/site-packages/urllib3/util/connection.py", line 60, in create_connection
    for res in socket.getaddrinfo(host, port, family, socket.SOCK_STREAM):
               ^^^^^^^^^^^^^^^^^^^^^^^^^^^^^^^^^^^^^^^^^^^^^^^^^^^^^^^^^^
  File "/usr/local/lib/python3.11/socket.py", line 974, in getaddrinfo
    for res in _socket.getaddrinfo(host, port, family, type, proto, flags):
               ^^^^^^^^^^^^^^^^^^^^^^^^^^^^^^^^^^^^^^^^^^^^^^^^^^^^^^^^^^^
socket.gaierror: [Errno -2] Name or service not known

The above exception was the direct cause of the following exception:

Traceback (most recent call last):
  File "/home/app/.local/lib/python3.11/site-packages/urllib3/connectionpool.py", line 787, in urlopen
    response = self._make_request(
               ^^^^^^^^^^^^^^^^^^^
  File "/home/app/.local/lib/python3.11/site-packages/urllib3/connectionpool.py", line 488, in _make_request
    raise new_e
  File "/home/app/.local/lib/python3.11/site-packages/urllib3/connectionpool.py", line 464, in _make_request
    self._validate_conn(conn)
  File "/home/app/.local/lib/python3.11/site-packages/urllib3/connectionpool.py", line 1093, in _validate_conn
    conn.connect()
  File "/home/app/.local/lib/python3.11/site-packages/urllib3/connection.py", line 753, in connect
    self.sock = sock = self._new_conn()
                       ^^^^^^^^^^^^^^^^
  File "/home/app/.local/lib/python3.11/site-packages/urllib3/connection.py", line 205, in _new_conn
    raise NameResolutionError(self.host, self, e) from e
urllib3.exceptions.NameResolutionError: <urllib3.connection.HTTPSConnection object at 0xffff94fe0ad0>: Failed to resolve 'feeds.finance.yahoo.com' ([Errno -2] Name or service not known)

The above exception was the direct cause of the following exception:

Traceback (most recent call last):
  File "/home/app/.local/lib/python3.11/site-packages/requests/adapters.py", line 667, in send
    resp = conn.urlopen(
           ^^^^^^^^^^^^^
  File "/home/app/.local/lib/python3.11/site-packages/urllib3/connectionpool.py", line 841, in urlopen
    retries = retries.increment(
              ^^^^^^^^^^^^^^^^^^
  File "/home/app/.local/lib/python3.11/site-packages/urllib3/util/retry.py", line 519, in increment
    raise MaxRetryError(_pool, url, reason) from reason  # type: ignore[arg-type]
    ^^^^^^^^^^^^^^^^^^^^^^^^^^^^^^^^^^^^^^^^^^^^^^^^^^^
urllib3.exceptions.MaxRetryError: HTTPSConnectionPool(host='feeds.finance.yahoo.com', port=443): Max retries exceeded with url: /rss/2.0/headline?s=AAPL,MSFT,GOOGL,AMZN,META,NVDA,TSLA,INTC,AMD,AVGO&region=US&lang=en-US (Caused by NameResolutionError("<urllib3.connection.HTTPSConnection object at 0xffff94fe0ad0>: Failed to resolve 'feeds.finance.yahoo.com' ([Errno -2] Name or service not known)"))

During handling of the above exception, another exception occurred:

Traceback (most recent call last):
  File "/home/app/.local/lib/python3.11/site-packages/tenacity/__init__.py", line 480, in __call__
    result = fn(*args, **kwargs)
             ^^^^^^^^^^^^^^^^^^^
  File "/app/src/core/fetcher.py", line 12, in get
    resp = requests.get(url, timeout=timeout, headers=hdrs)
           ^^^^^^^^^^^^^^^^^^^^^^^^^^^^^^^^^^^^^^^^^^^^^^^^
  File "/home/app/.local/lib/python3.11/site-packages/requests/api.py", line 73, in get
    return request("get", url, params=params, **kwargs)
           ^^^^^^^^^^^^^^^^^^^^^^^^^^^^^^^^^^^^^^^^^^^^
  File "/home/app/.local/lib/python3.11/site-packages/requests/api.py", line 59, in request
    return session.request(method=method, url=url, **kwargs)
           ^^^^^^^^^^^^^^^^^^^^^^^^^^^^^^^^^^^^^^^^^^^^^^^^^
  File "/home/app/.local/lib/python3.11/site-packages/requests/sessions.py", line 589, in request
    resp = self.send(prep, **send_kwargs)
           ^^^^^^^^^^^^^^^^^^^^^^^^^^^^^^
  File "/home/app/.local/lib/python3.11/site-packages/requests/sessions.py", line 703, in send
    r = adapter.send(request, **kwargs)
        ^^^^^^^^^^^^^^^^^^^^^^^^^^^^^^^
  File "/home/app/.local/lib/python3.11/site-packages/requests/adapters.py", line 700, in send
    raise ConnectionError(e, request=request)
requests.exceptions.ConnectionError: HTTPSConnectionPool(host='feeds.finance.yahoo.com', port=443): Max retries exceeded with url: /rss/2.0/headline?s=AAPL,MSFT,GOOGL,AMZN,META,NVDA,TSLA,INTC,AMD,AVGO&region=US&lang=en-US (Caused by NameResolutionError("<urllib3.connection.HTTPSConnection object at 0xffff94fe0ad0>: Failed to resolve 'feeds.finance.yahoo.com' ([Errno -2] Name or service not known)"))

The above exception was the direct cause of the following exception:

Traceback (most recent call last):
  File "/app/scripts/run_all.py", line 19, in <module>
    main()
  File "/app/scripts/run_all.py", line 13, in main
    n = run_adapter(adapter)
        ^^^^^^^^^^^^^^^^^^^^
  File "/app/src/pipeline.py", line 9, in run_adapter
    for rec in adapter.iter_items():
  File "/app/src/adapters/rss_generic.py", line 14, in iter_items
    resp = get(self.feed_url)
           ^^^^^^^^^^^^^^^^^^
  File "/home/app/.local/lib/python3.11/site-packages/tenacity/__init__.py", line 338, in wrapped_f
    return copy(f, *args, **kw)
           ^^^^^^^^^^^^^^^^^^^^
  File "/home/app/.local/lib/python3.11/site-packages/tenacity/__init__.py", line 477, in __call__
    do = self.iter(retry_state=retry_state)
         ^^^^^^^^^^^^^^^^^^^^^^^^^^^^^^^^^^
  File "/home/app/.local/lib/python3.11/site-packages/tenacity/__init__.py", line 378, in iter
    result = action(retry_state)
             ^^^^^^^^^^^^^^^^^^^
  File "/home/app/.local/lib/python3.11/site-packages/tenacity/__init__.py", line 421, in exc_check
    raise retry_exc from fut.exception()
tenacity.RetryError: RetryError[<Future at 0xffff94f9a990 state=finished raised ConnectionError>]
[DONE] cnbc_rss -> 30 docs
[DONE] yh_symbols_mega1 -> 20 docs
[DONE] yh_symbols_mega2 -> 20 docs
Total: 70
[DONE] cnbc_rss -> 30 docs
[DONE] yh_symbols_mega1 -> 20 docs
[DONE] yh_symbols_mega2 -> 20 docs
Total: 70
[DONE] cnbc_rss -> 30 docs
[DONE] yh_symbols_mega1 -> 20 docs
[DONE] yh_symbols_mega2 -> 20 docs
Total: 70
[DONE] cnbc_rss -> 30 docs
[DONE] yh_symbols_mega1 -> 20 docs
[DONE] yh_symbols_mega2 -> 20 docs
Total: 70
[DONE] cnbc_rss -> 30 docs
[DONE] yh_symbols_mega1 -> 20 docs
[DONE] yh_symbols_mega2 -> 20 docs
Total: 70
[DONE] cnbc_rss -> 30 docs
[DONE] yh_symbols_mega1 -> 20 docs
[DONE] yh_symbols_mega2 -> 20 docs
Total: 70
[DONE] cnbc_rss -> 30 docs
Traceback (most recent call last):
  File "/home/app/.local/lib/python3.11/site-packages/tenacity/__init__.py", line 480, in __call__
    result = fn(*args, **kwargs)
             ^^^^^^^^^^^^^^^^^^^
  File "/app/src/core/fetcher.py", line 13, in get
    resp.raise_for_status()
  File "/home/app/.local/lib/python3.11/site-packages/requests/models.py", line 1026, in raise_for_status
    raise HTTPError(http_error_msg, response=self)
requests.exceptions.HTTPError: 429 Client Error: Too Many Requests for url: https://feeds.finance.yahoo.com/rss/2.0/headline?s=AAPL,MSFT,GOOGL,AMZN,META,NVDA,TSLA,INTC,AMD,AVGO&region=US&lang=en-US

The above exception was the direct cause of the following exception:

Traceback (most recent call last):
  File "/app/scripts/run_all.py", line 19, in <module>
    main()
  File "/app/scripts/run_all.py", line 13, in main
    n = run_adapter(adapter)
        ^^^^^^^^^^^^^^^^^^^^
  File "/app/src/pipeline.py", line 9, in run_adapter
    for rec in adapter.iter_items():
  File "/app/src/adapters/rss_generic.py", line 14, in iter_items
    resp = get(self.feed_url)
           ^^^^^^^^^^^^^^^^^^
  File "/home/app/.local/lib/python3.11/site-packages/tenacity/__init__.py", line 338, in wrapped_f
    return copy(f, *args, **kw)
           ^^^^^^^^^^^^^^^^^^^^
  File "/home/app/.local/lib/python3.11/site-packages/tenacity/__init__.py", line 477, in __call__
    do = self.iter(retry_state=retry_state)
         ^^^^^^^^^^^^^^^^^^^^^^^^^^^^^^^^^^
  File "/home/app/.local/lib/python3.11/site-packages/tenacity/__init__.py", line 378, in iter
    result = action(retry_state)
             ^^^^^^^^^^^^^^^^^^^
  File "/home/app/.local/lib/python3.11/site-packages/tenacity/__init__.py", line 421, in exc_check
    raise retry_exc from fut.exception()
tenacity.RetryError: RetryError[<Future at 0xffff6ac70450 state=finished raised HTTPError>]
[DONE] cnbc_rss -> 30 docs
[DONE] yh_symbols_mega1 -> 20 docs
[DONE] yh_symbols_mega2 -> 20 docs
Total: 70
[DONE] cnbc_rss -> 30 docs
[DONE] yh_symbols_mega1 -> 20 docs
[DONE] yh_symbols_mega2 -> 20 docs
Total: 70
[DONE] cnbc_rss -> 30 docs
[DONE] yh_symbols_mega1 -> 20 docs
[DONE] yh_symbols_mega2 -> 20 docs
Total: 70
[DONE] cnbc_rss -> 30 docs
[DONE] yh_symbols_mega1 -> 20 docs
[DONE] yh_symbols_mega2 -> 20 docs
Total: 70
[DONE] cnbc_rss -> 30 docs
[DONE] yh_symbols_mega1 -> 20 docs
[DONE] yh_symbols_mega2 -> 20 docs
Total: 70
[DONE] cnbc_rss -> 30 docs
[DONE] yh_symbols_mega1 -> 20 docs
[DONE] yh_symbols_mega2 -> 20 docs
Total: 70
[DONE] cnbc_rss -> 30 docs
[DONE] yh_symbols_mega1 -> 20 docs
[DONE] yh_symbols_mega2 -> 20 docs
Total: 70
[DONE] cnbc_rss -> 30 docs
[DONE] yh_symbols_mega1 -> 20 docs
[DONE] yh_symbols_mega2 -> 20 docs
Total: 70
